{"/Users/gharibaahmedsuleiman/Documents/Ali Work/OpenUpServer/app.js": {"path":"/Users/gharibaahmedsuleiman/Documents/Ali Work/OpenUpServer/app.js","statementMap":{"0":{"start":{"line":1,"column":16},"end":{"line":1,"column":34}},"1":{"start":{"line":2,"column":13},"end":{"line":2,"column":28}},"2":{"start":{"line":3,"column":12},"end":{"line":3,"column":21}},"3":{"start":{"line":4,"column":0},"end":{"line":4,"column":23}},"4":{"start":{"line":5,"column":0},"end":{"line":5,"column":15}},"5":{"start":{"line":6,"column":11},"end":{"line":6,"column":24}},"6":{"start":{"line":8,"column":23},"end":{"line":8,"column":66}},"7":{"start":{"line":9,"column":17},"end":{"line":9,"column":43}},"8":{"start":{"line":10,"column":22},"end":{"line":10,"column":64}},"9":{"start":{"line":11,"column":16},"end":{"line":11,"column":41}},"10":{"start":{"line":15,"column":4},"end":{"line":19,"column":3}},"11":{"start":{"line":16,"column":4},"end":{"line":16,"column":19}},"12":{"start":{"line":18,"column":4},"end":{"line":18,"column":20}},"13":{"start":{"line":24,"column":2},"end":{"line":29,"column":3}},"14":{"start":{"line":25,"column":22},"end":{"line":25,"column":89}},"15":{"start":{"line":25,"column":46},"end":{"line":25,"column":88}},"16":{"start":{"line":26,"column":4},"end":{"line":26,"column":34}},"17":{"start":{"line":28,"column":4},"end":{"line":28,"column":20}},"18":{"start":{"line":33,"column":2},"end":{"line":43,"column":3}},"19":{"start":{"line":34,"column":20},"end":{"line":39,"column":8}},"20":{"start":{"line":35,"column":6},"end":{"line":38,"column":11}},"21":{"start":{"line":40,"column":6},"end":{"line":40,"column":20}},"22":{"start":{"line":42,"column":4},"end":{"line":42,"column":20}},"23":{"start":{"line":48,"column":2},"end":{"line":52,"column":3}},"24":{"start":{"line":49,"column":4},"end":{"line":49,"column":18}},"25":{"start":{"line":51,"column":4},"end":{"line":51,"column":20}},"26":{"start":{"line":56,"column":2},"end":{"line":80,"column":1}},"27":{"start":{"line":57,"column":23},"end":{"line":57,"column":39}},"28":{"start":{"line":58,"column":4},"end":{"line":71,"column":5}},"29":{"start":{"line":59,"column":6},"end":{"line":59,"column":31}},"30":{"start":{"line":60,"column":6},"end":{"line":60,"column":30}},"31":{"start":{"line":61,"column":6},"end":{"line":65,"column":8}},"32":{"start":{"line":62,"column":10},"end":{"line":64,"column":11}},"33":{"start":{"line":63,"column":14},"end":{"line":63,"column":31}},"34":{"start":{"line":66,"column":6},"end":{"line":70,"column":6}},"35":{"start":{"line":67,"column":8},"end":{"line":69,"column":9}},"36":{"start":{"line":68,"column":12},"end":{"line":68,"column":29}},"37":{"start":{"line":71,"column":6},"end":{"line":78,"column":3}},"38":{"start":{"line":72,"column":6},"end":{"line":72,"column":30}},"39":{"start":{"line":73,"column":6},"end":{"line":77,"column":6}},"40":{"start":{"line":74,"column":8},"end":{"line":76,"column":9}},"41":{"start":{"line":75,"column":12},"end":{"line":75,"column":29}},"42":{"start":{"line":79,"column":4},"end":{"line":79,"column":20}},"43":{"start":{"line":84,"column":2},"end":{"line":105,"column":1}},"44":{"start":{"line":85,"column":24},"end":{"line":85,"column":78}},"45":{"start":{"line":85,"column":55},"end":{"line":85,"column":77}},"46":{"start":{"line":86,"column":23},"end":{"line":86,"column":78}},"47":{"start":{"line":86,"column":55},"end":{"line":86,"column":77}},"48":{"start":{"line":89,"column":2},"end":{"line":103,"column":3}},"49":{"start":{"line":90,"column":28},"end":{"line":90,"column":57}},"50":{"start":{"line":91,"column":4},"end":{"line":91,"column":42}},"51":{"start":{"line":92,"column":4},"end":{"line":92,"column":32}},"52":{"start":{"line":93,"column":4},"end":{"line":97,"column":4}},"53":{"start":{"line":94,"column":6},"end":{"line":96,"column":7}},"54":{"start":{"line":95,"column":10},"end":{"line":95,"column":27}},"55":{"start":{"line":98,"column":2},"end":{"line":102,"column":2}},"56":{"start":{"line":99,"column":4},"end":{"line":101,"column":5}},"57":{"start":{"line":100,"column":8},"end":{"line":100,"column":25}},"58":{"start":{"line":104,"column":4},"end":{"line":104,"column":20}},"59":{"start":{"line":110,"column":2},"end":{"line":127,"column":3}},"60":{"start":{"line":111,"column":24},"end":{"line":111,"column":78}},"61":{"start":{"line":111,"column":55},"end":{"line":111,"column":77}},"62":{"start":{"line":112,"column":6},"end":{"line":124,"column":7}},"63":{"start":{"line":113,"column":8},"end":{"line":113,"column":51}},"64":{"start":{"line":115,"column":30},"end":{"line":117,"column":9}},"65":{"start":{"line":116,"column":23},"end":{"line":116,"column":45}},"66":{"start":{"line":118,"column":8},"end":{"line":122,"column":10}},"67":{"start":{"line":119,"column":10},"end":{"line":121,"column":11}},"68":{"start":{"line":120,"column":12},"end":{"line":120,"column":28}},"69":{"start":{"line":123,"column":8},"end":{"line":123,"column":28}},"70":{"start":{"line":126,"column":6},"end":{"line":126,"column":22}},"71":{"start":{"line":131,"column":2},"end":{"line":148,"column":3}},"72":{"start":{"line":132,"column":24},"end":{"line":132,"column":79}},"73":{"start":{"line":132,"column":56},"end":{"line":132,"column":78}},"74":{"start":{"line":133,"column":6},"end":{"line":145,"column":7}},"75":{"start":{"line":134,"column":8},"end":{"line":134,"column":51}},"76":{"start":{"line":136,"column":30},"end":{"line":138,"column":9}},"77":{"start":{"line":137,"column":23},"end":{"line":137,"column":45}},"78":{"start":{"line":139,"column":8},"end":{"line":143,"column":10}},"79":{"start":{"line":140,"column":10},"end":{"line":142,"column":11}},"80":{"start":{"line":141,"column":12},"end":{"line":141,"column":28}},"81":{"start":{"line":144,"column":8},"end":{"line":144,"column":28}},"82":{"start":{"line":147,"column":6},"end":{"line":147,"column":22}},"83":{"start":{"line":151,"column":0},"end":{"line":153,"column":4}},"84":{"start":{"line":152,"column":4},"end":{"line":152,"column":55}},"85":{"start":{"line":155,"column":0},"end":{"line":157,"column":2}},"86":{"start":{"line":156,"column":2},"end":{"line":156,"column":38}},"87":{"start":{"line":159,"column":0},"end":{"line":161,"column":2}},"88":{"start":{"line":160,"column":2},"end":{"line":160,"column":37}},"89":{"start":{"line":163,"column":0},"end":{"line":165,"column":2}},"90":{"start":{"line":164,"column":2},"end":{"line":164,"column":36}},"91":{"start":{"line":167,"column":0},"end":{"line":170,"column":2}},"92":{"start":{"line":168,"column":20},"end":{"line":168,"column":28}},"93":{"start":{"line":169,"column":4},"end":{"line":169,"column":45}},"94":{"start":{"line":173,"column":0},"end":{"line":187,"column":2}},"95":{"start":{"line":174,"column":2},"end":{"line":186,"column":3}},"96":{"start":{"line":175,"column":28},"end":{"line":175,"column":36}},"97":{"start":{"line":176,"column":27},"end":{"line":176,"column":56}},"98":{"start":{"line":177,"column":28},"end":{"line":177,"column":56}},"99":{"start":{"line":178,"column":4},"end":{"line":183,"column":5}},"100":{"start":{"line":179,"column":6},"end":{"line":179,"column":49}},"101":{"start":{"line":181,"column":6},"end":{"line":181,"column":42}},"102":{"start":{"line":182,"column":6},"end":{"line":182,"column":43}},"103":{"start":{"line":185,"column":4},"end":{"line":185,"column":48}},"104":{"start":{"line":189,"column":0},"end":{"line":192,"column":2}},"105":{"start":{"line":190,"column":17},"end":{"line":190,"column":24}},"106":{"start":{"line":191,"column":2},"end":{"line":191,"column":42}},"107":{"start":{"line":195,"column":0},"end":{"line":199,"column":2}},"108":{"start":{"line":196,"column":21},"end":{"line":196,"column":29}},"109":{"start":{"line":198,"column":2},"end":{"line":198,"column":34}},"110":{"start":{"line":201,"column":0},"end":{"line":205,"column":2}},"111":{"start":{"line":202,"column":21},"end":{"line":202,"column":29}},"112":{"start":{"line":204,"column":2},"end":{"line":204,"column":34}},"113":{"start":{"line":207,"column":0},"end":{"line":210,"column":13}}},"fnMap":{"0":{"name":"getAllPosts","decl":{"start":{"line":14,"column":9},"end":{"line":14,"column":20}},"loc":{"start":{"line":14,"column":23},"end":{"line":20,"column":1}},"line":14},"1":{"name":"findTopPosts","decl":{"start":{"line":23,"column":9},"end":{"line":23,"column":21}},"loc":{"start":{"line":23,"column":24},"end":{"line":30,"column":1}},"line":23},"2":{"name":"(anonymous_2)","decl":{"start":{"line":25,"column":36},"end":{"line":25,"column":37}},"loc":{"start":{"line":25,"column":46},"end":{"line":25,"column":88}},"line":25},"3":{"name":"findSearch","decl":{"start":{"line":32,"column":9},"end":{"line":32,"column":19}},"loc":{"start":{"line":32,"column":28},"end":{"line":44,"column":1}},"line":32},"4":{"name":"(anonymous_4)","decl":{"start":{"line":34,"column":36},"end":{"line":34,"column":37}},"loc":{"start":{"line":34,"column":47},"end":{"line":39,"column":7}},"line":34},"5":{"name":"getMyPosts","decl":{"start":{"line":47,"column":9},"end":{"line":47,"column":19}},"loc":{"start":{"line":47,"column":22},"end":{"line":53,"column":1}},"line":47},"6":{"name":"addNewPost","decl":{"start":{"line":55,"column":9},"end":{"line":55,"column":19}},"loc":{"start":{"line":55,"column":29},"end":{"line":81,"column":1}},"line":55},"7":{"name":"(anonymous_7)","decl":{"start":{"line":61,"column":71},"end":{"line":61,"column":72}},"loc":{"start":{"line":61,"column":79},"end":{"line":65,"column":7}},"line":61},"8":{"name":"(anonymous_8)","decl":{"start":{"line":66,"column":69},"end":{"line":66,"column":70}},"loc":{"start":{"line":66,"column":77},"end":{"line":70,"column":5}},"line":66},"9":{"name":"(anonymous_9)","decl":{"start":{"line":73,"column":69},"end":{"line":73,"column":70}},"loc":{"start":{"line":73,"column":77},"end":{"line":77,"column":5}},"line":73},"10":{"name":"addComment","decl":{"start":{"line":83,"column":9},"end":{"line":83,"column":19}},"loc":{"start":{"line":83,"column":26},"end":{"line":107,"column":1}},"line":83},"11":{"name":"(anonymous_11)","decl":{"start":{"line":85,"column":42},"end":{"line":85,"column":43}},"loc":{"start":{"line":85,"column":55},"end":{"line":85,"column":77}},"line":85},"12":{"name":"(anonymous_12)","decl":{"start":{"line":86,"column":42},"end":{"line":86,"column":43}},"loc":{"start":{"line":86,"column":55},"end":{"line":86,"column":77}},"line":86},"13":{"name":"(anonymous_13)","decl":{"start":{"line":93,"column":67},"end":{"line":93,"column":68}},"loc":{"start":{"line":93,"column":75},"end":{"line":97,"column":3}},"line":93},"14":{"name":"(anonymous_14)","decl":{"start":{"line":98,"column":66},"end":{"line":98,"column":67}},"loc":{"start":{"line":98,"column":74},"end":{"line":102,"column":1}},"line":98},"15":{"name":"deleteMyPost","decl":{"start":{"line":109,"column":9},"end":{"line":109,"column":21}},"loc":{"start":{"line":109,"column":27},"end":{"line":128,"column":1}},"line":109},"16":{"name":"(anonymous_16)","decl":{"start":{"line":111,"column":42},"end":{"line":111,"column":43}},"loc":{"start":{"line":111,"column":55},"end":{"line":111,"column":77}},"line":111},"17":{"name":"(anonymous_17)","decl":{"start":{"line":116,"column":10},"end":{"line":116,"column":11}},"loc":{"start":{"line":116,"column":23},"end":{"line":116,"column":45}},"line":116},"18":{"name":"(anonymous_18)","decl":{"start":{"line":118,"column":79},"end":{"line":118,"column":80}},"loc":{"start":{"line":118,"column":88},"end":{"line":122,"column":9}},"line":118},"19":{"name":"deleteAPost","decl":{"start":{"line":130,"column":9},"end":{"line":130,"column":20}},"loc":{"start":{"line":130,"column":26},"end":{"line":149,"column":1}},"line":130},"20":{"name":"(anonymous_20)","decl":{"start":{"line":132,"column":43},"end":{"line":132,"column":44}},"loc":{"start":{"line":132,"column":56},"end":{"line":132,"column":78}},"line":132},"21":{"name":"(anonymous_21)","decl":{"start":{"line":137,"column":10},"end":{"line":137,"column":11}},"loc":{"start":{"line":137,"column":23},"end":{"line":137,"column":45}},"line":137},"22":{"name":"(anonymous_22)","decl":{"start":{"line":139,"column":80},"end":{"line":139,"column":81}},"loc":{"start":{"line":139,"column":89},"end":{"line":143,"column":9}},"line":139},"23":{"name":"(anonymous_23)","decl":{"start":{"line":151,"column":13},"end":{"line":151,"column":14}},"loc":{"start":{"line":151,"column":27},"end":{"line":153,"column":3}},"line":151},"24":{"name":"(anonymous_24)","decl":{"start":{"line":155,"column":21},"end":{"line":155,"column":22}},"loc":{"start":{"line":155,"column":35},"end":{"line":157,"column":1}},"line":155},"25":{"name":"(anonymous_25)","decl":{"start":{"line":159,"column":21},"end":{"line":159,"column":22}},"loc":{"start":{"line":159,"column":35},"end":{"line":161,"column":1}},"line":159},"26":{"name":"(anonymous_26)","decl":{"start":{"line":163,"column":19},"end":{"line":163,"column":20}},"loc":{"start":{"line":163,"column":33},"end":{"line":165,"column":1}},"line":163},"27":{"name":"(anonymous_27)","decl":{"start":{"line":167,"column":20},"end":{"line":167,"column":21}},"loc":{"start":{"line":167,"column":34},"end":{"line":170,"column":1}},"line":167},"28":{"name":"(anonymous_28)","decl":{"start":{"line":173,"column":22},"end":{"line":173,"column":23}},"loc":{"start":{"line":173,"column":36},"end":{"line":187,"column":1}},"line":173},"29":{"name":"(anonymous_29)","decl":{"start":{"line":189,"column":19},"end":{"line":189,"column":20}},"loc":{"start":{"line":189,"column":33},"end":{"line":192,"column":1}},"line":189},"30":{"name":"(anonymous_30)","decl":{"start":{"line":195,"column":23},"end":{"line":195,"column":24}},"loc":{"start":{"line":195,"column":37},"end":{"line":199,"column":1}},"line":195},"31":{"name":"(anonymous_31)","decl":{"start":{"line":201,"column":23},"end":{"line":201,"column":24}},"loc":{"start":{"line":201,"column":37},"end":{"line":205,"column":1}},"line":201}},"branchMap":{"0":{"loc":{"start":{"line":25,"column":46},"end":{"line":25,"column":88}},"type":"cond-expr","locations":[{"start":{"line":25,"column":82},"end":{"line":25,"column":83}},{"start":{"line":25,"column":86},"end":{"line":25,"column":88}}],"line":25},"1":{"loc":{"start":{"line":36,"column":10},"end":{"line":37,"column":39}},"type":"binary-expr","locations":[{"start":{"line":36,"column":10},"end":{"line":36,"column":40}},{"start":{"line":37,"column":10},"end":{"line":37,"column":39}}],"line":36},"2":{"loc":{"start":{"line":58,"column":4},"end":{"line":71,"column":5}},"type":"if","locations":[{"start":{"line":58,"column":4},"end":{"line":71,"column":5}},{"start":{},"end":{}}],"line":58},"3":{"loc":{"start":{"line":62,"column":10},"end":{"line":64,"column":11}},"type":"if","locations":[{"start":{"line":62,"column":10},"end":{"line":64,"column":11}},{"start":{},"end":{}}],"line":62},"4":{"loc":{"start":{"line":67,"column":8},"end":{"line":69,"column":9}},"type":"if","locations":[{"start":{"line":67,"column":8},"end":{"line":69,"column":9}},{"start":{},"end":{}}],"line":67},"5":{"loc":{"start":{"line":71,"column":6},"end":{"line":78,"column":3}},"type":"if","locations":[{"start":{"line":71,"column":6},"end":{"line":78,"column":3}},{"start":{},"end":{}}],"line":71},"6":{"loc":{"start":{"line":74,"column":8},"end":{"line":76,"column":9}},"type":"if","locations":[{"start":{"line":74,"column":8},"end":{"line":76,"column":9}},{"start":{},"end":{}}],"line":74},"7":{"loc":{"start":{"line":89,"column":2},"end":{"line":103,"column":3}},"type":"if","locations":[{"start":{"line":89,"column":2},"end":{"line":103,"column":3}},{"start":{},"end":{}}],"line":89},"8":{"loc":{"start":{"line":89,"column":5},"end":{"line":89,"column":46}},"type":"binary-expr","locations":[{"start":{"line":89,"column":5},"end":{"line":89,"column":23}},{"start":{"line":89,"column":27},"end":{"line":89,"column":46}}],"line":89},"9":{"loc":{"start":{"line":94,"column":6},"end":{"line":96,"column":7}},"type":"if","locations":[{"start":{"line":94,"column":6},"end":{"line":96,"column":7}},{"start":{},"end":{}}],"line":94},"10":{"loc":{"start":{"line":99,"column":4},"end":{"line":101,"column":5}},"type":"if","locations":[{"start":{"line":99,"column":4},"end":{"line":101,"column":5}},{"start":{},"end":{}}],"line":99},"11":{"loc":{"start":{"line":112,"column":6},"end":{"line":124,"column":7}},"type":"if","locations":[{"start":{"line":112,"column":6},"end":{"line":124,"column":7}},{"start":{"line":114,"column":13},"end":{"line":124,"column":7}}],"line":112},"12":{"loc":{"start":{"line":119,"column":10},"end":{"line":121,"column":11}},"type":"if","locations":[{"start":{"line":119,"column":10},"end":{"line":121,"column":11}},{"start":{},"end":{}}],"line":119},"13":{"loc":{"start":{"line":133,"column":6},"end":{"line":145,"column":7}},"type":"if","locations":[{"start":{"line":133,"column":6},"end":{"line":145,"column":7}},{"start":{"line":135,"column":13},"end":{"line":145,"column":7}}],"line":133},"14":{"loc":{"start":{"line":140,"column":10},"end":{"line":142,"column":11}},"type":"if","locations":[{"start":{"line":140,"column":10},"end":{"line":142,"column":11}},{"start":{},"end":{}}],"line":140},"15":{"loc":{"start":{"line":178,"column":4},"end":{"line":183,"column":5}},"type":"if","locations":[{"start":{"line":178,"column":4},"end":{"line":183,"column":5}},{"start":{"line":180,"column":11},"end":{"line":183,"column":5}}],"line":178},"16":{"loc":{"start":{"line":178,"column":8},"end":{"line":178,"column":43}},"type":"binary-expr","locations":[{"start":{"line":178,"column":8},"end":{"line":178,"column":23}},{"start":{"line":178,"column":27},"end":{"line":178,"column":43}}],"line":178}},"s":{"0":1,"1":1,"2":1,"3":1,"4":1,"5":1,"6":1,"7":1,"8":1,"9":1,"10":1,"11":1,"12":0,"13":1,"14":1,"15":6,"16":1,"17":0,"18":1,"19":1,"20":5,"21":1,"22":0,"23":1,"24":1,"25":0,"26":1,"27":1,"28":1,"29":0,"30":0,"31":0,"32":0,"33":0,"34":0,"35":0,"36":0,"37":1,"38":0,"39":0,"40":0,"41":0,"42":0,"43":2,"44":2,"45":10,"46":2,"47":10,"48":2,"49":0,"50":0,"51":0,"52":0,"53":0,"54":0,"55":0,"56":0,"57":0,"58":0,"59":1,"60":1,"61":5,"62":1,"63":1,"64":0,"65":0,"66":0,"67":0,"68":0,"69":0,"70":1,"71":1,"72":1,"73":5,"74":1,"75":1,"76":0,"77":0,"78":0,"79":0,"80":0,"81":0,"82":1,"83":1,"84":1,"85":1,"86":1,"87":1,"88":1,"89":1,"90":1,"91":1,"92":1,"93":1,"94":1,"95":1,"96":1,"97":1,"98":1,"99":1,"100":1,"101":0,"102":0,"103":1,"104":1,"105":1,"106":1,"107":1,"108":1,"109":1,"110":1,"111":1,"112":1,"113":1},"f":{"0":1,"1":1,"2":6,"3":1,"4":5,"5":1,"6":1,"7":0,"8":0,"9":0,"10":2,"11":10,"12":10,"13":0,"14":0,"15":1,"16":5,"17":0,"18":0,"19":1,"20":5,"21":0,"22":0,"23":1,"24":1,"25":1,"26":1,"27":1,"28":1,"29":1,"30":1,"31":1},"b":{"0":[4,2],"1":[5,5],"2":[0,1],"3":[0,0],"4":[0,0],"5":[0,1],"6":[0,0],"7":[0,2],"8":[2,0],"9":[0,0],"10":[0,0],"11":[1,0],"12":[0,0],"13":[1,0],"14":[0,0],"15":[1,0],"16":[1,0]},"_coverageSchema":"1a1c01bbd47fc00a2c39e90264f33305004495a9","hash":"16ba81b1e403a9a78981583d25a442fada9af3a4"}
}
