TN:
SF:app.js
FN:14,getAllPosts
FN:23,findTopPosts
FN:25,(anonymous_2)
FN:32,findSearch
FN:34,(anonymous_4)
FN:47,getMyPosts
FN:55,addNewPost
FN:61,(anonymous_7)
FN:66,(anonymous_8)
FN:73,(anonymous_9)
FN:83,addComment
FN:85,(anonymous_11)
FN:86,(anonymous_12)
FN:93,(anonymous_13)
FN:98,(anonymous_14)
FN:109,deleteMyPost
FN:111,(anonymous_16)
FN:116,(anonymous_17)
FN:118,(anonymous_18)
FN:130,deleteAPost
FN:132,(anonymous_20)
FN:137,(anonymous_21)
FN:139,(anonymous_22)
FN:151,(anonymous_23)
FN:155,(anonymous_24)
FN:159,(anonymous_25)
FN:163,(anonymous_26)
FN:167,(anonymous_27)
FN:173,(anonymous_28)
FN:189,(anonymous_29)
FN:195,(anonymous_30)
FN:201,(anonymous_31)
FNF:32
FNH:23
FNDA:1,getAllPosts
FNDA:1,findTopPosts
FNDA:6,(anonymous_2)
FNDA:1,findSearch
FNDA:5,(anonymous_4)
FNDA:1,getMyPosts
FNDA:1,addNewPost
FNDA:0,(anonymous_7)
FNDA:0,(anonymous_8)
FNDA:0,(anonymous_9)
FNDA:2,addComment
FNDA:10,(anonymous_11)
FNDA:10,(anonymous_12)
FNDA:0,(anonymous_13)
FNDA:0,(anonymous_14)
FNDA:1,deleteMyPost
FNDA:5,(anonymous_16)
FNDA:0,(anonymous_17)
FNDA:0,(anonymous_18)
FNDA:1,deleteAPost
FNDA:5,(anonymous_20)
FNDA:0,(anonymous_21)
FNDA:0,(anonymous_22)
FNDA:1,(anonymous_23)
FNDA:1,(anonymous_24)
FNDA:1,(anonymous_25)
FNDA:1,(anonymous_26)
FNDA:1,(anonymous_27)
FNDA:1,(anonymous_28)
FNDA:1,(anonymous_29)
FNDA:1,(anonymous_30)
FNDA:1,(anonymous_31)
DA:1,1
DA:2,1
DA:3,1
DA:4,1
DA:5,1
DA:6,1
DA:8,1
DA:9,1
DA:10,1
DA:11,1
DA:15,1
DA:16,1
DA:18,0
DA:24,1
DA:25,6
DA:26,1
DA:28,0
DA:33,1
DA:34,1
DA:35,5
DA:40,1
DA:42,0
DA:48,1
DA:49,1
DA:51,0
DA:56,1
DA:57,1
DA:58,1
DA:59,0
DA:60,0
DA:61,0
DA:62,0
DA:63,0
DA:66,0
DA:67,0
DA:68,0
DA:71,1
DA:72,0
DA:73,0
DA:74,0
DA:75,0
DA:79,0
DA:84,2
DA:85,10
DA:86,10
DA:89,2
DA:90,0
DA:91,0
DA:92,0
DA:93,0
DA:94,0
DA:95,0
DA:98,0
DA:99,0
DA:100,0
DA:104,0
DA:110,1
DA:111,5
DA:112,1
DA:113,1
DA:115,0
DA:116,0
DA:118,0
DA:119,0
DA:120,0
DA:123,0
DA:126,1
DA:131,1
DA:132,5
DA:133,1
DA:134,1
DA:136,0
DA:137,0
DA:139,0
DA:140,0
DA:141,0
DA:144,0
DA:147,1
DA:151,1
DA:152,1
DA:155,1
DA:156,1
DA:159,1
DA:160,1
DA:163,1
DA:164,1
DA:167,1
DA:168,1
DA:169,1
DA:173,1
DA:174,1
DA:175,1
DA:176,1
DA:177,1
DA:178,1
DA:179,1
DA:181,0
DA:182,0
DA:185,1
DA:189,1
DA:190,1
DA:191,1
DA:195,1
DA:196,1
DA:198,1
DA:201,1
DA:202,1
DA:204,1
DA:207,1
LF:109
LH:68
BRDA:25,0,0,4
BRDA:25,0,1,2
BRDA:36,1,0,5
BRDA:36,1,1,5
BRDA:58,2,0,0
BRDA:58,2,1,1
BRDA:62,3,0,0
BRDA:62,3,1,0
BRDA:67,4,0,0
BRDA:67,4,1,0
BRDA:71,5,0,0
BRDA:71,5,1,1
BRDA:74,6,0,0
BRDA:74,6,1,0
BRDA:89,7,0,0
BRDA:89,7,1,2
BRDA:89,8,0,2
BRDA:89,8,1,0
BRDA:94,9,0,0
BRDA:94,9,1,0
BRDA:99,10,0,0
BRDA:99,10,1,0
BRDA:112,11,0,1
BRDA:112,11,1,0
BRDA:119,12,0,0
BRDA:119,12,1,0
BRDA:133,13,0,1
BRDA:133,13,1,0
BRDA:140,14,0,0
BRDA:140,14,1,0
BRDA:178,15,0,1
BRDA:178,15,1,0
BRDA:178,16,0,1
BRDA:178,16,1,0
BRF:34
BRH:12
end_of_record
