TN:
SF:app.js
FN:14,getAllPosts
FN:22,findTopPosts
FN:24,(anonymous_2)
FN:31,findSearch
FN:33,(anonymous_4)
FN:46,getMyPosts
FN:54,addNewPost
FN:60,(anonymous_7)
FN:65,(anonymous_8)
FN:72,(anonymous_9)
FN:82,addComment
FN:84,(anonymous_11)
FN:85,(anonymous_12)
FN:92,(anonymous_13)
FN:97,(anonymous_14)
FN:108,deleteMyPost
FN:110,(anonymous_16)
FN:115,(anonymous_17)
FN:117,(anonymous_18)
FN:129,deleteAPost
FN:131,(anonymous_20)
FN:136,(anonymous_21)
FN:138,(anonymous_22)
FN:150,(anonymous_23)
FN:154,(anonymous_24)
FN:158,(anonymous_25)
FN:162,(anonymous_26)
FN:166,(anonymous_27)
FN:172,(anonymous_28)
FN:188,(anonymous_29)
FN:194,(anonymous_30)
FN:200,(anonymous_31)
FNF:32
FNH:23
FNDA:1,getAllPosts
FNDA:1,findTopPosts
FNDA:6,(anonymous_2)
FNDA:1,findSearch
FNDA:5,(anonymous_4)
FNDA:1,getMyPosts
FNDA:1,addNewPost
FNDA:0,(anonymous_7)
FNDA:0,(anonymous_8)
FNDA:0,(anonymous_9)
FNDA:2,addComment
FNDA:10,(anonymous_11)
FNDA:10,(anonymous_12)
FNDA:0,(anonymous_13)
FNDA:0,(anonymous_14)
FNDA:1,deleteMyPost
FNDA:5,(anonymous_16)
FNDA:0,(anonymous_17)
FNDA:0,(anonymous_18)
FNDA:1,deleteAPost
FNDA:5,(anonymous_20)
FNDA:0,(anonymous_21)
FNDA:0,(anonymous_22)
FNDA:1,(anonymous_23)
FNDA:1,(anonymous_24)
FNDA:1,(anonymous_25)
FNDA:1,(anonymous_26)
FNDA:1,(anonymous_27)
FNDA:1,(anonymous_28)
FNDA:1,(anonymous_29)
FNDA:1,(anonymous_30)
FNDA:1,(anonymous_31)
DA:1,1
DA:2,1
DA:3,1
DA:4,1
DA:5,1
DA:6,1
DA:8,1
DA:9,1
DA:10,1
DA:11,1
DA:15,1
DA:16,1
DA:18,0
DA:23,1
DA:24,6
DA:25,1
DA:27,0
DA:32,1
DA:33,1
DA:34,5
DA:39,1
DA:41,0
DA:47,1
DA:48,1
DA:50,0
DA:55,1
DA:56,1
DA:57,1
DA:58,0
DA:59,0
DA:60,0
DA:61,0
DA:62,0
DA:65,0
DA:66,0
DA:67,0
DA:70,1
DA:71,0
DA:72,0
DA:73,0
DA:74,0
DA:78,0
DA:83,2
DA:84,10
DA:85,10
DA:88,2
DA:89,0
DA:90,0
DA:91,0
DA:92,0
DA:93,0
DA:94,0
DA:97,0
DA:98,0
DA:99,0
DA:103,0
DA:109,1
DA:110,5
DA:111,1
DA:112,1
DA:114,0
DA:115,0
DA:117,0
DA:118,0
DA:119,0
DA:122,0
DA:125,1
DA:130,1
DA:131,5
DA:132,1
DA:133,1
DA:135,0
DA:136,0
DA:138,0
DA:139,0
DA:140,0
DA:143,0
DA:146,1
DA:150,1
DA:151,1
DA:154,1
DA:155,1
DA:158,1
DA:159,1
DA:162,1
DA:163,1
DA:166,1
DA:167,1
DA:168,1
DA:172,1
DA:173,1
DA:174,1
DA:175,1
DA:176,1
DA:177,1
DA:178,1
DA:180,0
DA:181,0
DA:184,1
DA:188,1
DA:189,1
DA:190,1
DA:194,1
DA:195,1
DA:197,1
DA:200,1
DA:201,1
DA:203,1
DA:206,1
LF:109
LH:68
BRDA:24,0,0,4
BRDA:24,0,1,2
BRDA:35,1,0,5
BRDA:35,1,1,5
BRDA:57,2,0,0
BRDA:57,2,1,1
BRDA:61,3,0,0
BRDA:61,3,1,0
BRDA:66,4,0,0
BRDA:66,4,1,0
BRDA:70,5,0,0
BRDA:70,5,1,1
BRDA:73,6,0,0
BRDA:73,6,1,0
BRDA:88,7,0,0
BRDA:88,7,1,2
BRDA:88,8,0,2
BRDA:88,8,1,0
BRDA:93,9,0,0
BRDA:93,9,1,0
BRDA:98,10,0,0
BRDA:98,10,1,0
BRDA:111,11,0,1
BRDA:111,11,1,0
BRDA:118,12,0,0
BRDA:118,12,1,0
BRDA:132,13,0,1
BRDA:132,13,1,0
BRDA:139,14,0,0
BRDA:139,14,1,0
BRDA:177,15,0,1
BRDA:177,15,1,0
BRDA:177,16,0,1
BRDA:177,16,1,0
BRF:34
BRH:12
end_of_record
